<?xml version="1.0" encoding="UTF-8"?>
<!-- Generated by org.testng.reporters.JUnitReportReporter -->
<testsuite hostname="LAPTOP-337URRUI" failures="0" tests="3" name="dataDriven.excelDataProvider.dataProvide" time="0.015" errors="0" timestamp="2023-04-16T00:10:33 CDT" skipped="0">
  <testcase classname="dataDriven.excelDataProvider.dataProvide" name="testCaseData" time="0.002"/>
  <system-out/>
  <testcase classname="dataDriven.excelDataProvider.dataProvide" name="testCaseData" time="0.009"/>
  <system-out/>
  <testcase classname="dataDriven.excelDataProvider.dataProvide" name="testCaseData" time="0.004"/>
  <system-out/>
</testsuite> <!-- dataDriven.excelDataProvider.dataProvide -->
