<?xml version="1.0" encoding="UTF-8"?>
<!-- Generated by org.testng.reporters.JUnitReportReporter -->
<testsuite hostname="LAPTOP-337URRUI" failures="0" tests="1" name="dataDriven.excelDataProvider.excel" time="0.938" errors="0" timestamp="2023-04-15T23:47:21 CDT" skipped="0">
  <testcase classname="dataDriven.excelDataProvider.excel" name="getExcel" time="0.938"/>
  <system-out/>
</testsuite> <!-- dataDriven.excelDataProvider.excel -->
